[init 2023-10-14 16:39:34] Log initialized
当遇到错误时，请在 https://github.com/btjawa/BTJGenshinPS/issues 提供本日志并提交。

[log 2023-10-14 16:39:34] Start Logging...

[log 2023-10-14 16:39:34] Server is running on http://localhost:52805

[log 2023-10-14 16:39:34] Found self-signed root crt

[log 2023-10-14 16:39:34] C:\Users\BTJ\.mitmproxy exist.

[log 2023-10-14 16:39:34] proxy

[log 2023-10-14 16:39:34] D:\BTJGenshinPS\GateServer\3DMigoto\Mods

[log 2023-10-14 16:39:34] D:\BTJGenshinPS\GateServer\3DMigoto\3DMigoto Loader.exe

[log 2023-10-14 16:39:34] C:\Program Files\Java\jdk-17\bin\java.exe 


[log 2023-10-14 16:39:34] app.config.json Updated successfully

[log 2023-10-14 16:39:34] 
http.accessAddress dispatchcnglobal.yuanshen.com

[log 2023-10-14 16:39:34] http.bindPort 443

[log 2023-10-14 16:39:34] 
game.accessAddress 192.168.3.5

[log 2023-10-14 16:39:34] game.bindPort 22102

[log 2023-10-14 16:39:34] 
REMOTE_HOST = "127.0.0.1"

[log 2023-10-14 16:39:34] REMOTE_PORT = 443


[log 2023-10-14 16:39:34] app.config.json Updated successfully

[log 2023-10-14 16:39:34] moded mitm config

[log 2023-10-14 16:39:34] 已复制         1 个文件。


[log 2023-10-14 16:39:34] selfSignedKeystore

[log 2023-10-14 16:39:34] Created run_3dmigoto.bat

[log 2023-10-14 16:39:34] E:\GenshinImpact_4.0.1\GenshinImpact.exe

[log 2023-10-14 16:39:34] E:\GenshinImpact_4.0.1\GenshinImpact.exe

[log 2023-10-14 16:39:34] app.config.json Updated Successfully

[log 2023-10-14 16:39:34] Created run_3dmigoto.bat

[log 2023-10-14 16:39:34] 

[log 2023-10-14 16:39:34] 

[log 2023-10-14 16:39:34] proxy

[log 2023-10-14 16:39:34] 
http.accessAddress dispatchcnglobal.yuanshen.com

[log 2023-10-14 16:39:34] http.bindPort 443

[log 2023-10-14 16:39:34] 
game.accessAddress 192.168.3.5

[log 2023-10-14 16:39:34] game.bindPort 22102

[log 2023-10-14 16:39:34] 
REMOTE_HOST = "127.0.0.1"

[log 2023-10-14 16:39:34] REMOTE_PORT = 443


[log 2023-10-14 16:39:34] app.config.json Updated successfully

[log 2023-10-14 16:39:34] moded mitm config

[log 2023-10-14 16:39:34] App is quitting...
Saving config...

