[init 2023-10-14 16:35:15] Log initialized
当遇到错误时，请在 https://github.com/btjawa/BTJGenshinPS/issues 提供本日志并提交。

[log 2023-10-14 16:35:15] Start Logging...

[log 2023-10-14 16:35:15] Server is running on http://localhost:52805

[log 2023-10-14 16:35:15] Found self-signed root crt

[log 2023-10-14 16:35:15] C:\Users\BTJ\.mitmproxy exist.

[log 2023-10-14 16:35:15] proxy

[log 2023-10-14 16:35:15] D:\BTJGenshinPS\GateServer\3DMigoto\Mods

[log 2023-10-14 16:35:15] D:\BTJGenshinPS\GateServer\3DMigoto\3DMigoto Loader.exe

[log 2023-10-14 16:35:15] C:\Program Files\Java\jdk-17\bin\java.exe 


[log 2023-10-14 16:35:15] app.config.json Updated successfully

[log 2023-10-14 16:35:15] app.config.json Updated successfully

[log 2023-10-14 16:35:15] 
http.accessAddress dispatchcnglobal.yuanshen.com

[log 2023-10-14 16:35:15] http.bindPort 443

[log 2023-10-14 16:35:15] 
game.accessAddress 192.168.3.5

[log 2023-10-14 16:35:15] game.bindPort 22102

[log 2023-10-14 16:35:15] 
REMOTE_HOST = "127.0.0.1"

[log 2023-10-14 16:35:15] REMOTE_PORT = 443


[log 2023-10-14 16:35:15] moded mitm config

[log 2023-10-14 16:35:15] 已复制         1 个文件。


[log 2023-10-14 16:35:15] selfSignedKeystore

[log 2023-10-14 16:35:15] D:\BTJGenshinPS\GateServer\3DMigoto D:\BTJGenshinPS\GateServer\3DMigoto\3DMigoto Loader.exe

[log 2023-10-14 16:35:15] 114514

[log 2023-10-14 16:35:15] App is quitting...
Saving config...

